#
# There is insufficient memory for the Java Runtime Environment to continue.
# Native memory allocation (mmap) failed to map 65536 bytes for Failed to commit metaspace.
# Possible reasons:
#   The system is out of physical RAM or swap space
#   The process is running with CompressedOops enabled, and the Java Heap may be blocking the growth of the native heap
# Possible solutions:
#   Reduce memory load on the system
#   Increase physical memory or swap space
#   Check if swap backing store is full
#   Decrease Java heap size (-Xmx/-Xms)
#   Decrease number of Java threads
#   Decrease Java thread stack sizes (-Xss)
#   Set larger code cache with -XX:ReservedCodeCacheSize=
#   JVM is running with Unscaled Compressed Oops mode in which the Java heap is
#     placed in the first 4GB address space. The Java Heap base address is the
#     maximum limit for the native heap growth. Please use -XX:HeapBaseMinAddress
#     to set the Java Heap base and to place the Java Heap above 4GB virtual address.
# This output file may be truncated or incomplete.
#
#  Out of Memory Error (virtualSpaceNode.cpp:108), pid=13996, tid=29896
#
# JRE version: Java(TM) SE Runtime Environment (16.0.1+9) (build 16.0.1+9-24)
# Java VM: Java HotSpot(TM) 64-Bit Server VM (16.0.1+9-24, mixed mode, sharing, tiered, compressed oops, compressed class ptrs, g1 gc, windows-amd64)
# No core dump will be written. Minidumps are not enabled by default on client versions of Windows
#

---------------  S U M M A R Y ------------

Command Line: -Dfile.encoding=UTF-8 --module-path=C:\Users\Manoj\Documents\NetBeansProjects\Gym_first\build\classes Gym_Management.LoginPage

Host: AMD Ryzen 5 4600H with Radeon Graphics         , 12 cores, 7G,  Windows 10 , 64 bit Build 19041 (10.0.19041.1348)
Time: Tue Jan 11 20:27:10 2022 India Standard Time elapsed time: 0.231055 seconds (0d 0h 0m 0s)

---------------  T H R E A D  ---------------

Current thread (0x000001bfa5766b20):  JavaThread "main" [_thread_in_vm, id=29896, stack(0x000000b8ad200000,0x000000b8ad300000)]

Stack: [0x000000b8ad200000,0x000000b8ad300000]
Native frames: (J=compiled Java code, j=interpreted, Vv=VM code, C=native code)
V  [jvm.dll+0x6687ca]
V  [jvm.dll+0x7ca3c9]
V  [jvm.dll+0x7cbb53]
V  [jvm.dll+0x7cc1b3]
V  [jvm.dll+0x242ea5]
V  [jvm.dll+0x7c6a4b]
V  [jvm.dll+0x60e436]
V  [jvm.dll+0x1be93e]
V  [jvm.dll+0x610b91]
V  [jvm.dll+0x60ed31]
V  [jvm.dll+0x362f4a]
V  [jvm.dll+0x1e113f]
V  [jvm.dll+0x536752]
V  [jvm.dll+0x1f0fa2]
V  [jvm.dll+0x741e03]
V  [jvm.dll+0x7436a8]
V  [jvm.dll+0x7439d3]
V  [jvm.dll+0x23ad74]
V  [jvm.dll+0x375b71]
C  0x000001bfacf0c411

Java frames: (J=compiled Java code, j=interpreted, Vv=VM code)
j  javax.swing.text.DefaultEditorKit.<clinit>()V+176 java.desktop@16.0.1
v  ~StubRoutines::call_stub
j  javax.swing.plaf.basic.BasicTextUI.<clinit>()V+11 java.desktop@16.0.1
v  ~StubRoutines::call_stub
j  java.lang.Class.forName0(Ljava/lang/String;ZLjava/lang/ClassLoader;Ljava/lang/Class;)Ljava/lang/Class;+0 java.base@16.0.1
j  java.lang.Class.forName(Ljava/lang/String;ZLjava/lang/ClassLoader;)Ljava/lang/Class;+43 java.base@16.0.1
j  javax.swing.SwingUtilities.loadSystemClass(Ljava/lang/String;)Ljava/lang/Class;+12 java.desktop@16.0.1
j  javax.swing.UIDefaults.getUIClass(Ljava/lang/String;Ljava/lang/ClassLoader;)Ljava/lang/Class;+37 java.desktop@16.0.1
j  javax.swing.UIDefaults.getUI(Ljavax/swing/JComponent;)Ljavax/swing/plaf/ComponentUI;+32 java.desktop@16.0.1
j  javax.swing.UIManager.getUI(Ljavax/swing/JComponent;)Ljavax/swing/plaf/ComponentUI;+37 java.desktop@16.0.1
j  javax.swing.text.JTextComponent.updateUI()V+2 java.desktop@16.0.1
j  javax.swing.text.JTextComponent.<init>()V+62 java.desktop@16.0.1
j  javax.swing.JTextField.<init>(Ljavax/swing/text/Document;Ljava/lang/String;I)V+1 java.desktop@16.0.1
j  javax.swing.JTextField.<init>()V+4 java.desktop@16.0.1
j  Gym_Management.LoginPage.<init>()V+277
j  Gym_Management.LoginPage.main([Ljava/lang/String;)V+4
v  ~StubRoutines::call_stub

---------------  P R O C E S S  ---------------

Threads class SMR info:
_java_thread_list=0x000001bfc42eaaa0, length=16, elements={
0x000001bfa5766b20, 0x000001bfc3632380, 0x000001bfc3636300, 0x000001bfc3643630,
0x000001bfc3643f40, 0x000001bfc3644940, 0x000001bfc3645340, 0x000001bfc3646070,
0x000001bfc3648b70, 0x000001bfc36495b0, 0x000001bfc360eec0, 0x000001bfc40d0380,
0x000001bfc40eabb0, 0x000001bfc4307010, 0x000001bfc4309ff0, 0x000001bfc43112e0
}

Java Threads: ( => current thread )
=>0x000001bfa5766b20 JavaThread "main" [_thread_in_vm, id=29896, stack(0x000000b8ad200000,0x000000b8ad300000)]
  0x000001bfc3632380 JavaThread "Reference Handler" daemon [_thread_blocked, id=30216, stack(0x000000b8ad900000,0x000000b8ada00000)]
  0x000001bfc3636300 JavaThread "Finalizer" daemon [_thread_blocked, id=30296, stack(0x000000b8ada00000,0x000000b8adb00000)]
  0x000001bfc3643630 JavaThread "Signal Dispatcher" daemon [_thread_blocked, id=16112, stack(0x000000b8adb00000,0x000000b8adc00000)]
  0x000001bfc3643f40 JavaThread "Attach Listener" daemon [_thread_blocked, id=23376, stack(0x000000b8adc00000,0x000000b8add00000)]
  0x000001bfc3644940 JavaThread "Service Thread" daemon [_thread_blocked, id=4528, stack(0x000000b8add00000,0x000000b8ade00000)]
  0x000001bfc3645340 JavaThread "Monitor Deflation Thread" daemon [_thread_blocked, id=31144, stack(0x000000b8ade00000,0x000000b8adf00000)]
  0x000001bfc3646070 JavaThread "C2 CompilerThread0" daemon [_thread_blocked, id=24964, stack(0x000000b8adf00000,0x000000b8ae000000)]
  0x000001bfc3648b70 JavaThread "C1 CompilerThread0" daemon [_thread_blocked, id=20532, stack(0x000000b8ae000000,0x000000b8ae100000)]
  0x000001bfc36495b0 JavaThread "Sweeper thread" daemon [_thread_blocked, id=30248, stack(0x000000b8ae100000,0x000000b8ae200000)]
  0x000001bfc360eec0 JavaThread "Common-Cleaner" daemon [_thread_blocked, id=3628, stack(0x000000b8ae200000,0x000000b8ae300000)]
  0x000001bfc40d0380 JavaThread "Notification Thread" daemon [_thread_blocked, id=24776, stack(0x000000b8ae300000,0x000000b8ae400000)]
  0x000001bfc40eabb0 JavaThread "C2 CompilerThread1" daemon [_thread_blocked, id=30604, stack(0x000000b8ae500000,0x000000b8ae600000)]
  0x000001bfc4307010 JavaThread "Java2D Disposer" daemon [_thread_blocked, id=15468, stack(0x000000b8ae600000,0x000000b8ae700000)]
  0x000001bfc4309ff0 JavaThread "AWT-Shutdown" [_thread_blocked, id=12620, stack(0x000000b8ae700000,0x000000b8ae800000)]
  0x000001bfc43112e0 JavaThread "AWT-Windows" daemon [_thread_in_native, id=29284, stack(0x000000b8ae800000,0x000000b8ae900000)]

Other Threads:
  0x000001bfc362b710 VMThread "VM Thread" [stack: 0x000000b8ad800000,0x000000b8ad900000] [id=30292]
  0x000001bfc40e18c0 WatcherThread [stack: 0x000000b8ae400000,0x000000b8ae500000] [id=24012]
  0x000001bfa57a4710 GCTaskThread "GC Thread#0" [stack: 0x000000b8ad300000,0x000000b8ad400000] [id=7040]
  0x000001bfa57b6770 ConcurrentGCThread "G1 Main Marker" [stack: 0x000000b8ad400000,0x000000b8ad500000] [id=2400]
  0x000001bfa57b71e0 ConcurrentGCThread "G1 Conc#0" [stack: 0x000000b8ad500000,0x000000b8ad600000] [id=30196]
  0x000001bfa583d670 ConcurrentGCThread "G1 Refine#0" [stack: 0x000000b8ad600000,0x000000b8ad700000] [id=31336]
  0x000001bfa583e0f0 ConcurrentGCThread "G1 Service" [stack: 0x000000b8ad700000,0x000000b8ad800000] [id=30264]

Threads with active compile tasks:

VM state: not at safepoint (normal execution)

VM Mutex/Monitor currently owned by a thread:  ([mutex/lock_event])
[0x000001bfa5761c60] MetaspaceExpand_lock - owner thread: 0x000001bfa5766b20

Heap address: 0x000000008a000000, size: 1888 MB, Compressed Oops mode: 32-bit

CDS archive(s) mapped at: [0x0000000800000000-0x0000000800bb0000-0x0000000800bb0000), size 12255232, SharedBaseAddress: 0x0000000800000000, ArchiveRelocationMode: 0.
Compressed class space mapped at: 0x0000000800c00000-0x0000000840c00000, reserved size: 1073741824
Narrow klass base: 0x0000000800000000, Narrow klass shift: 3, Narrow klass range: 0x100000000

GC Precious Log:
 CPUs: 12 total, 12 available
 Memory: 7549M
 Large Page Support: Disabled
 NUMA Support: Disabled
 Compressed Oops: Enabled (32-bit)
 Heap Region Size: 1M
 Heap Min Capacity: 8M
 Heap Initial Capacity: 118M
 Heap Max Capacity: 1888M
 Pre-touch: Disabled
 Parallel Workers: 10
 Concurrent Workers: 3
 Concurrent Refinement Workers: 10
 Periodic GC: Disabled

Heap:
 garbage-first heap   total 120832K, used 4096K [0x000000008a000000, 0x0000000100000000)
  region size 1024K, 5 young (5120K), 0 survivors (0K)
 Metaspace       used 4484K, committed 4608K, reserved 1056768K
  class space    used 485K, committed 512K, reserved 1048576K

Heap Regions: E=young(eden), S=young(survivor), O=old, HS=humongous(starts), HC=humongous(continues), CS=collection set, F=free, OA=open archive, CA=closed archive, TAMS=top-at-mark-start (previous, next)
|   0|0x000000008a000000, 0x000000008a000000, 0x000000008a100000|  0%| F|  |TAMS 0x000000008a000000, 0x000000008a000000| Untracked 
|   1|0x000000008a100000, 0x000000008a100000, 0x000000008a200000|  0%| F|  |TAMS 0x000000008a100000, 0x000000008a100000| Untracked 
|   2|0x000000008a200000, 0x000000008a200000, 0x000000008a300000|  0%| F|  |TAMS 0x000000008a200000, 0x000000008a200000| Untracked 
|   3|0x000000008a300000, 0x000000008a300000, 0x000000008a400000|  0%| F|  |TAMS 0x000000008a300000, 0x000000008a300000| Untracked 
|   4|0x000000008a400000, 0x000000008a400000, 0x000000008a500000|  0%| F|  |TAMS 0x000000008a400000, 0x000000008a400000| Untracked 
|   5|0x000000008a500000, 0x000000008a500000, 0x000000008a600000|  0%| F|  |TAMS 0x000000008a500000, 0x000000008a500000| Untracked 
|   6|0x000000008a600000, 0x000000008a600000, 0x000000008a700000|  0%| F|  |TAMS 0x000000008a600000, 0x000000008a600000| Untracked 
|   7|0x000000008a700000, 0x000000008a700000, 0x000000008a800000|  0%| F|  |TAMS 0x000000008a700000, 0x000000008a700000| Untracked 
|   8|0x000000008a800000, 0x000000008a800000, 0x000000008a900000|  0%| F|  |TAMS 0x000000008a800000, 0x000000008a800000| Untracked 
|   9|0x000000008a900000, 0x000000008a900000, 0x000000008aa00000|  0%| F|  |TAMS 0x000000008a900000, 0x000000008a900000| Untracked 
|  10|0x000000008aa00000, 0x000000008aa00000, 0x000000008ab00000|  0%| F|  |TAMS 0x000000008aa00000, 0x000000008aa00000| Untracked 
|  11|0x000000008ab00000, 0x000000008ab00000, 0x000000008ac00000|  0%| F|  |TAMS 0x000000008ab00000, 0x000000008ab00000| Untracked 
|  12|0x000000008ac00000, 0x000000008ac00000, 0x000000008ad00000|  0%| F|  |TAMS 0x000000008ac00000, 0x000000008ac00000| Untracked 
|  13|0x000000008ad00000, 0x000000008ad00000, 0x000000008ae00000|  0%| F|  |TAMS 0x000000008ad00000, 0x000000008ad00000| Untracked 
|  14|0x000000008ae00000, 0x000000008ae00000, 0x000000008af00000|  0%| F|  |TAMS 0x000000008ae00000, 0x000000008ae00000| Untracked 
|  15|0x000000008af00000, 0x000000008af00000, 0x000000008b000000|  0%| F|  |TAMS 0x000000008af00000, 0x000000008af00000| Untracked 
|  16|0x000000008b000000, 0x000000008b000000, 0x000000008b100000|  0%| F|  |TAMS 0x000000008b000000, 0x000000008b000000| Untracked 
|  17|0x000000008b100000, 0x000000008b100000, 0x000000008b200000|  0%| F|  |TAMS 0x000000008b100000, 0x000000008b100000| Untracked 
|  18|0x000000008b200000, 0x000000008b200000, 0x000000008b300000|  0%| F|  |TAMS 0x000000008b200000, 0x000000008b200000| Untracked 
|  19|0x000000008b300000, 0x000000008b300000, 0x000000008b400000|  0%| F|  |TAMS 0x000000008b300000, 0x000000008b300000| Untracked 
|  20|0x000000008b400000, 0x000000008b400000, 0x000000008b500000|  0%| F|  |TAMS 0x000000008b400000, 0x000000008b400000| Untracked 
|  21|0x000000008b500000, 0x000000008b500000, 0x000000008b600000|  0%| F|  |TAMS 0x000000008b500000, 0x000000008b500000| Untracked 
|  22|0x000000008b600000, 0x000000008b600000, 0x000000008b700000|  0%| F|  |TAMS 0x000000008b600000, 0x000000008b600000| Untracked 
|  23|0x000000008b700000, 0x000000008b700000, 0x000000008b800000|  0%| F|  |TAMS 0x000000008b700000, 0x000000008b700000| Untracked 
|  24|0x000000008b800000, 0x000000008b800000, 0x000000008b900000|  0%| F|  |TAMS 0x000000008b800000, 0x000000008b800000| Untracked 
|  25|0x000000008b900000, 0x000000008b900000, 0x000000008ba00000|  0%| F|  |TAMS 0x000000008b900000, 0x000000008b900000| Untracked 
|  26|0x000000008ba00000, 0x000000008ba00000, 0x000000008bb00000|  0%| F|  |TAMS 0x000000008ba00000, 0x000000008ba00000| Untracked 
|  27|0x000000008bb00000, 0x000000008bb00000, 0x000000008bc00000|  0%| F|  |TAMS 0x000000008bb00000, 0x000000008bb00000| Untracked 
|  28|0x000000008bc00000, 0x000000008bc00000, 0x000000008bd00000|  0%| F|  |TAMS 0x000000008bc00000, 0x000000008bc00000| Untracked 
|  29|0x000000008bd00000, 0x000000008bd00000, 0x000000008be00000|  0%| F|  |TAMS 0x000000008bd00000, 0x000000008bd00000| Untracked 
|  30|0x000000008be00000, 0x000000008be00000, 0x000000008bf00000|  0%| F|  |TAMS 0x000000008be00000, 0x000000008be00000| Untracked 
|  31|0x000000008bf00000, 0x000000008bf00000, 0x000000008c000000|  0%| F|  |TAMS 0x000000008bf00000, 0x000000008bf00000| Untracked 
|  32|0x000000008c000000, 0x000000008c000000, 0x000000008c100000|  0%| F|  |TAMS 0x000000008c000000, 0x000000008c000000| Untracked 
|  33|0x000000008c100000, 0x000000008c100000, 0x000000008c200000|  0%| F|  |TAMS 0x000000008c100000, 0x000000008c100000| Untracked 
|  34|0x000000008c200000, 0x000000008c200000, 0x000000008c300000|  0%| F|  |TAMS 0x000000008c200000, 0x000000008c200000| Untracked 
|  35|0x000000008c300000, 0x000000008c300000, 0x000000008c400000|  0%| F|  |TAMS 0x000000008c300000, 0x000000008c300000| Untracked 
|  36|0x000000008c400000, 0x000000008c400000, 0x000000008c500000|  0%| F|  |TAMS 0x000000008c400000, 0x000000008c400000| Untracked 
|  37|0x000000008c500000, 0x000000008c500000, 0x000000008c600000|  0%| F|  |TAMS 0x000000008c500000, 0x000000008c500000| Untracked 
|  38|0x000000008c600000, 0x000000008c600000, 0x000000008c700000|  0%| F|  |TAMS 0x000000008c600000, 0x000000008c600000| Untracked 
|  39|0x000000008c700000, 0x000000008c700000, 0x000000008c800000|  0%| F|  |TAMS 0x000000008c700000, 0x000000008c700000| Untracked 
|  40|0x000000008c800000, 0x000000008c800000, 0x000000008c900000|  0%| F|  |TAMS 0x000000008c800000, 0x000000008c800000| Untracked 
|  41|0x000000008c900000, 0x000000008c900000, 0x000000008ca00000|  0%| F|  |TAMS 0x000000008c900000, 0x000000008c900000| Untracked 
|  42|0x000000008ca00000, 0x000000008ca00000, 0x000000008cb00000|  0%| F|  |TAMS 0x000000008ca00000, 0x000000008ca00000| Untracked 
|  43|0x000000008cb00000, 0x000000008cb00000, 0x000000008cc00000|  0%| F|  |TAMS 0x000000008cb00000, 0x000000008cb00000| Untracked 
|  44|0x000000008cc00000, 0x000000008cc00000, 0x000000008cd00000|  0%| F|  |TAMS 0x000000008cc00000, 0x000000008cc00000| Untracked 
|  45|0x000000008cd00000, 0x000000008cd00000, 0x000000008ce00000|  0%| F|  |TAMS 0x000000008cd00000, 0x000000008cd00000| Untracked 
|  46|0x000000008ce00000, 0x000000008ce00000, 0x000000008cf00000|  0%| F|  |TAMS 0x000000008ce00000, 0x000000008ce00000| Untracked 
|  47|0x000000008cf00000, 0x000000008cf00000, 0x000000008d000000|  0%| F|  |TAMS 0x000000008cf00000, 0x000000008cf00000| Untracked 
|  48|0x000000008d000000, 0x000000008d000000, 0x000000008d100000|  0%| F|  |TAMS 0x000000008d000000, 0x000000008d000000| Untracked 
|  49|0x000000008d100000, 0x000000008d100000, 0x000000008d200000|  0%| F|  |TAMS 0x000000008d100000, 0x000000008d100000| Untracked 
|  50|0x000000008d200000, 0x000000008d200000, 0x000000008d300000|  0%| F|  |TAMS 0x000000008d200000, 0x000000008d200000| Untracked 
|  51|0x000000008d300000, 0x000000008d300000, 0x000000008d400000|  0%| F|  |TAMS 0x000000008d300000, 0x000000008d300000| Untracked 
|  52|0x000000008d400000, 0x000000008d400000, 0x000000008d500000|  0%| F|  |TAMS 0x000000008d400000, 0x000000008d400000| Untracked 
|  53|0x000000008d500000, 0x000000008d500000, 0x000000008d600000|  0%| F|  |TAMS 0x000000008d500000, 0x000000008d500000| Untracked 
|  54|0x000000008d600000, 0x000000008d600000, 0x000000008d700000|  0%| F|  |TAMS 0x000000008d600000, 0x000000008d600000| Untracked 
|  55|0x000000008d700000, 0x000000008d700000, 0x000000008d800000|  0%| F|  |TAMS 0x000000008d700000, 0x000000008d700000| Untracked 
|  56|0x000000008d800000, 0x000000008d800000, 0x000000008d900000|  0%| F|  |TAMS 0x000000008d800000, 0x000000008d800000| Untracked 
|  57|0x000000008d900000, 0x000000008d900000, 0x000000008da00000|  0%| F|  |TAMS 0x000000008d900000, 0x000000008d900000| Untracked 
|  58|0x000000008da00000, 0x000000008da00000, 0x000000008db00000|  0%| F|  |TAMS 0x000000008da00000, 0x000000008da00000| Untracked 
|  59|0x000000008db00000, 0x000000008db00000, 0x000000008dc00000|  0%| F|  |TAMS 0x000000008db00000, 0x000000008db00000| Untracked 
|  60|0x000000008dc00000, 0x000000008dc00000, 0x000000008dd00000|  0%| F|  |TAMS 0x000000008dc00000, 0x000000008dc00000| Untracked 
|  61|0x000000008dd00000, 0x000000008dd00000, 0x000000008de00000|  0%| F|  |TAMS 0x000000008dd00000, 0x000000008dd00000| Untracked 
|  62|0x000000008de00000, 0x000000008de00000, 0x000000008df00000|  0%| F|  |TAMS 0x000000008de00000, 0x000000008de00000| Untracked 
|  63|0x000000008df00000, 0x000000008df00000, 0x000000008e000000|  0%| F|  |TAMS 0x000000008df00000, 0x000000008df00000| Untracked 
|  64|0x000000008e000000, 0x000000008e000000, 0x000000008e100000|  0%| F|  |TAMS 0x000000008e000000, 0x000000008e000000| Untracked 
|  65|0x000000008e100000, 0x000000008e100000, 0x000000008e200000|  0%| F|  |TAMS 0x000000008e100000, 0x000000008e100000| Untracked 
|  66|0x000000008e200000, 0x000000008e200000, 0x000000008e300000|  0%| F|  |TAMS 0x000000008e200000, 0x000000008e200000| Untracked 
|  67|0x000000008e300000, 0x000000008e300000, 0x000000008e400000|  0%| F|  |TAMS 0x000000008e300000, 0x000000008e300000| Untracked 
|  68|0x000000008e400000, 0x000000008e400000, 0x000000008e500000|  0%| F|  |TAMS 0x000000008e400000, 0x000000008e400000| Untracked 
|  69|0x000000008e500000, 0x000000008e500000, 0x000000008e600000|  0%| F|  |TAMS 0x000000008e500000, 0x000000008e500000| Untracked 
|  70|0x000000008e600000, 0x000000008e600000, 0x000000008e700000|  0%| F|  |TAMS 0x000000008e600000, 0x000000008e600000| Untracked 
|  71|0x000000008e700000, 0x000000008e700000, 0x000000008e800000|  0%| F|  |TAMS 0x000000008e700000, 0x000000008e700000| Untracked 
|  72|0x000000008e800000, 0x000000008e800000, 0x000000008e900000|  0%| F|  |TAMS 0x000000008e800000, 0x000000008e800000| Untracked 
|  73|0x000000008e900000, 0x000000008e900000, 0x000000008ea00000|  0%| F|  |TAMS 0x000000008e900000, 0x000000008e900000| Untracked 
|  74|0x000000008ea00000, 0x000000008ea00000, 0x000000008eb00000|  0%| F|  |TAMS 0x000000008ea00000, 0x000000008ea00000| Untracked 
|  75|0x000000008eb00000, 0x000000008eb00000, 0x000000008ec00000|  0%| F|  |TAMS 0x000000008eb00000, 0x000000008eb00000| Untracked 
|  76|0x000000008ec00000, 0x000000008ec00000, 0x000000008ed00000|  0%| F|  |TAMS 0x000000008ec00000, 0x000000008ec00000| Untracked 
|  77|0x000000008ed00000, 0x000000008ed00000, 0x000000008ee00000|  0%| F|  |TAMS 0x000000008ed00000, 0x000000008ed00000| Untracked 
|  78|0x000000008ee00000, 0x000000008ee00000, 0x000000008ef00000|  0%| F|  |TAMS 0x000000008ee00000, 0x000000008ee00000| Untracked 
|  79|0x000000008ef00000, 0x000000008ef00000, 0x000000008f000000|  0%| F|  |TAMS 0x000000008ef00000, 0x000000008ef00000| Untracked 
|  80|0x000000008f000000, 0x000000008f000000, 0x000000008f100000|  0%| F|  |TAMS 0x000000008f000000, 0x000000008f000000| Untracked 
|  81|0x000000008f100000, 0x000000008f100000, 0x000000008f200000|  0%| F|  |TAMS 0x000000008f100000, 0x000000008f100000| Untracked 
|  82|0x000000008f200000, 0x000000008f200000, 0x000000008f300000|  0%| F|  |TAMS 0x000000008f200000, 0x000000008f200000| Untracked 
|  83|0x000000008f300000, 0x000000008f300000, 0x000000008f400000|  0%| F|  |TAMS 0x000000008f300000, 0x000000008f300000| Untracked 
|  84|0x000000008f400000, 0x000000008f400000, 0x000000008f500000|  0%| F|  |TAMS 0x000000008f400000, 0x000000008f400000| Untracked 
|  85|0x000000008f500000, 0x000000008f500000, 0x000000008f600000|  0%| F|  |TAMS 0x000000008f500000, 0x000000008f500000| Untracked 
|  86|0x000000008f600000, 0x000000008f600000, 0x000000008f700000|  0%| F|  |TAMS 0x000000008f600000, 0x000000008f600000| Untracked 
|  87|0x000000008f700000, 0x000000008f700000, 0x000000008f800000|  0%| F|  |TAMS 0x000000008f700000, 0x000000008f700000| Untracked 
|  88|0x000000008f800000, 0x000000008f800000, 0x000000008f900000|  0%| F|  |TAMS 0x000000008f800000, 0x000000008f800000| Untracked 
|  89|0x000000008f900000, 0x000000008f900000, 0x000000008fa00000|  0%| F|  |TAMS 0x000000008f900000, 0x000000008f900000| Untracked 
|  90|0x000000008fa00000, 0x000000008fa00000, 0x000000008fb00000|  0%| F|  |TAMS 0x000000008fa00000, 0x000000008fa00000| Untracked 
|  91|0x000000008fb00000, 0x000000008fb00000, 0x000000008fc00000|  0%| F|  |TAMS 0x000000008fb00000, 0x000000008fb00000| Untracked 
|  92|0x000000008fc00000, 0x000000008fc00000, 0x000000008fd00000|  0%| F|  |TAMS 0x000000008fc00000, 0x000000008fc00000| Untracked 
|  93|0x000000008fd00000, 0x000000008fd00000, 0x000000008fe00000|  0%| F|  |TAMS 0x000000008fd00000, 0x000000008fd00000| Untracked 
|  94|0x000000008fe00000, 0x000000008fe00000, 0x000000008ff00000|  0%| F|  |TAMS 0x000000008fe00000, 0x000000008fe00000| Untracked 
|  95|0x000000008ff00000, 0x000000008ff00000, 0x0000000090000000|  0%| F|  |TAMS 0x000000008ff00000, 0x000000008ff00000| Untracked 
|  96|0x0000000090000000, 0x0000000090000000, 0x0000000090100000|  0%| F|  |TAMS 0x0000000090000000, 0x0000000090000000| Untracked 
|  97|0x0000000090100000, 0x0000000090100000, 0x0000000090200000|  0%| F|  |TAMS 0x0000000090100000, 0x0000000090100000| Untracked 
|  98|0x0000000090200000, 0x0000000090200000, 0x0000000090300000|  0%| F|  |TAMS 0x0000000090200000, 0x0000000090200000| Untracked 
|  99|0x0000000090300000, 0x0000000090300000, 0x0000000090400000|  0%| F|  |TAMS 0x0000000090300000, 0x0000000090300000| Untracked 
| 100|0x0000000090400000, 0x0000000090400000, 0x0000000090500000|  0%| F|  |TAMS 0x0000000090400000, 0x0000000090400000| Untracked 
| 101|0x0000000090500000, 0x0000000090500000, 0x0000000090600000|  0%| F|  |TAMS 0x0000000090500000, 0x0000000090500000| Untracked 
| 102|0x0000000090600000, 0x0000000090600000, 0x0000000090700000|  0%| F|  |TAMS 0x0000000090600000, 0x0000000090600000| Untracked 
| 103|0x0000000090700000, 0x0000000090700000, 0x0000000090800000|  0%| F|  |TAMS 0x0000000090700000, 0x0000000090700000| Untracked 
| 104|0x0000000090800000, 0x0000000090800000, 0x0000000090900000|  0%| F|  |TAMS 0x0000000090800000, 0x0000000090800000| Untracked 
| 105|0x0000000090900000, 0x0000000090900000, 0x0000000090a00000|  0%| F|  |TAMS 0x0000000090900000, 0x0000000090900000| Untracked 
| 106|0x0000000090a00000, 0x0000000090a00000, 0x0000000090b00000|  0%| F|  |TAMS 0x0000000090a00000, 0x0000000090a00000| Untracked 
| 107|0x0000000090b00000, 0x0000000090b00000, 0x0000000090c00000|  0%| F|  |TAMS 0x0000000090b00000, 0x0000000090b00000| Untracked 
| 108|0x0000000090c00000, 0x0000000090c00000, 0x0000000090d00000|  0%| F|  |TAMS 0x0000000090c00000, 0x0000000090c00000| Untracked 
| 109|0x0000000090d00000, 0x0000000090d00000, 0x0000000090e00000|  0%| F|  |TAMS 0x0000000090d00000, 0x0000000090d00000| Untracked 
| 110|0x0000000090e00000, 0x0000000090e00000, 0x0000000090f00000|  0%| F|  |TAMS 0x0000000090e00000, 0x0000000090e00000| Untracked 
| 111|0x0000000090f00000, 0x0000000090f00000, 0x0000000091000000|  0%| F|  |TAMS 0x0000000090f00000, 0x0000000090f00000| Untracked 
| 112|0x0000000091000000, 0x0000000091000000, 0x0000000091100000|  0%| F|  |TAMS 0x0000000091000000, 0x0000000091000000| Untracked 
| 113|0x0000000091100000, 0x00000000911ec130, 0x0000000091200000| 92%| E|  |TAMS 0x0000000091100000, 0x0000000091100000| Complete 
| 114|0x0000000091200000, 0x0000000091300000, 0x0000000091300000|100%| E|CS|TAMS 0x0000000091200000, 0x0000000091200000| Complete 
| 115|0x0000000091300000, 0x0000000091400000, 0x0000000091400000|100%| E|CS|TAMS 0x0000000091300000, 0x0000000091300000| Complete 
| 116|0x0000000091400000, 0x0000000091500000, 0x0000000091500000|100%| E|CS|TAMS 0x0000000091400000, 0x0000000091400000| Complete 
| 117|0x0000000091500000, 0x0000000091600000, 0x0000000091600000|100%| E|CS|TAMS 0x0000000091500000, 0x0000000091500000| Complete 

Card table byte_map: [0x000001bfbc7f0000,0x000001bfbcba0000] _byte_map_base: 0x000001bfbc3a0000

Marking Bits (Prev, Next): (CMBitMap*) 0x000001bfa57a71a0, (CMBitMap*) 0x000001bfa57a71e0
 Prev Bits: [0x000001bfbcf50000, 0x000001bfbecd0000)
 Next Bits: [0x000001bfbecd0000, 0x000001bfc0a50000)

Polling page: 0x000001bfa3750000

Metaspace:

Usage:
  Non-class:      3.91 MB used.
      Class:    485.30 KB used.
       Both:      4.38 MB used.

Virtual space:
  Non-class space:        8.00 MB reserved,       4.00 MB ( 50%) committed,  1 nodes.
      Class space:        1.00 GB reserved,     512.00 KB ( <1%) committed,  1 nodes.
              Both:        1.01 GB reserved,       4.50 MB ( <1%) committed. 

Chunk freelists:
   Non-Class:  3.90 MB
       Class:  3.25 MB
        Both:  7.15 MB

MaxMetaspaceSize: 17179869184.00 GB
CompressedClassSpaceSize: 1.00 GB
 - commit_granule_bytes: 65536.
 - commit_granule_words: 8192.
 - virtual_space_node_default_size: 1048576.
 - enlarge_chunks_in_place: 1.
 - new_chunks_are_fully_committed: 0.
 - uncommit_free_chunks: 1.
 - use_allocation_guard: 0.
 - handle_deallocations: 1.


Internal statistics:

num_allocs_failed_limit: 0.
num_arena_births: 90.
num_arena_deaths: 0.
num_vsnodes_births: 2.
num_vsnodes_deaths: 0.
num_space_committed: 72.
num_space_uncommitted: 0.
num_chunks_returned_to_freelist: 0.
num_chunks_taken_from_freelist: 107.
num_chunk_merges: 0.
num_chunk_splits: 68.
num_chunks_enlarged: 35.
num_purges: 0.

CodeHeap 'non-profiled nmethods': size=120000Kb used=157Kb max_used=157Kb free=119842Kb
 bounds [0x000001bfb49c0000, 0x000001bfb4c30000, 0x000001bfbbef0000]
CodeHeap 'profiled nmethods': size=120000Kb used=754Kb max_used=754Kb free=119245Kb
 bounds [0x000001bfad490000, 0x000001bfad700000, 0x000001bfb49c0000]
CodeHeap 'non-nmethods': size=5760Kb used=1196Kb max_used=1206Kb free=4563Kb
 bounds [0x000001bfacef0000, 0x000001bfad160000, 0x000001bfad490000]
 total_blobs=1021 nmethods=526 adapters=408
 compilation: enabled
              stopped_count=0, restarted_count=0
 full_count=0

Compilation events (20 events):
Event: 0.220 Thread 0x000001bfc3648b70  518       3       java.lang.ref.SoftReference::<init> (13 bytes)
Event: 0.220 Thread 0x000001bfc3648b70 nmethod 518 0x000001bfad549c10 code [0x000001bfad549de0, 0x000001bfad54a0f8]
Event: 0.221 Thread 0x000001bfc3648b70  519       3       java.util.ImmutableCollections$List12::get (35 bytes)
Event: 0.221 Thread 0x000001bfc3648b70 nmethod 519 0x000001bfad54a210 code [0x000001bfad54a3c0, 0x000001bfad54a668]
Event: 0.225 Thread 0x000001bfc3648b70  520       1       java.lang.reflect.Field::getName (5 bytes)
Event: 0.225 Thread 0x000001bfc3648b70 nmethod 520 0x000001bfb49e6890 code [0x000001bfb49e6a20, 0x000001bfb49e6af8]
Event: 0.225 Thread 0x000001bfc3648b70  521       3       sun.util.logging.PlatformLogger::isLoggable (23 bytes)
Event: 0.225 Thread 0x000001bfc3648b70 nmethod 521 0x000001bfad54a710 code [0x000001bfad54a8e0, 0x000001bfad54abb8]
Event: 0.225 Thread 0x000001bfc3648b70  522       3       jdk.internal.logger.AbstractLoggerWrapper::isLoggable (26 bytes)
Event: 0.225 Thread 0x000001bfc3648b70 nmethod 522 0x000001bfad54ac90 code [0x000001bfad54ae80, 0x000001bfad54b438]
Event: 0.226 Thread 0x000001bfc3648b70  523   !   3       sun.awt.AppContext::get (123 bytes)
Event: 0.226 Thread 0x000001bfc3648b70 nmethod 523 0x000001bfad54b590 code [0x000001bfad54b7c0, 0x000001bfad54c228]
Event: 0.226 Thread 0x000001bfc3648b70  524       1       java.beans.PropertyChangeEvent::getPropertyName (5 bytes)
Event: 0.226 Thread 0x000001bfc3648b70 nmethod 524 0x000001bfb49e6b90 code [0x000001bfb49e6d20, 0x000001bfb49e6df8]
Event: 0.226 Thread 0x000001bfc3648b70  525       1       java.beans.PropertyChangeEvent::getOldValue (5 bytes)
Event: 0.226 Thread 0x000001bfc3648b70 nmethod 525 0x000001bfb49e6e90 code [0x000001bfb49e7020, 0x000001bfb49e70f8]
Event: 0.226 Thread 0x000001bfc3648b70  526       1       java.beans.PropertyChangeEvent::getNewValue (5 bytes)
Event: 0.226 Thread 0x000001bfc3648b70 nmethod 526 0x000001bfb49e7190 code [0x000001bfb49e7320, 0x000001bfb49e73f8]
Event: 0.228 Thread 0x000001bfc3648b70  527       3       java.lang.Enum::<init> (15 bytes)
Event: 0.228 Thread 0x000001bfc3648b70 nmethod 527 0x000001bfad54c590 code [0x000001bfad54c740, 0x000001bfad54c8f8]

GC Heap History (0 events):
No events

Deoptimization events (4 events):
Event: 0.062 Thread 0x000001bfa5766b20 Uncommon trap: trap_request=0xffffff45 fr.pc=0x000001bfb49ce914 relative=0x0000000000000894
Event: 0.062 Thread 0x000001bfa5766b20 Uncommon trap: reason=unstable_if action=reinterpret pc=0x000001bfb49ce914 method=java.util.HashMap.putVal(ILjava/lang/Object;Ljava/lang/Object;ZZ)Ljava/lang/Object; @ 81 c2
Event: 0.062 Thread 0x000001bfa5766b20 DEOPT PACKING pc=0x000001bfb49ce914 sp=0x000000b8ad2fe3b0
Event: 0.062 Thread 0x000001bfa5766b20 DEOPT UNPACKING pc=0x000001bfacf3d72e sp=0x000000b8ad2fe350 mode 2

Classes unloaded (0 events):
No events

Classes redefined (0 events):
No events

Internal exceptions (14 events):
Event: 0.045 Thread 0x000001bfa5766b20 Exception <a 'sun/nio/fs/WindowsException'{0x000000009143e6f0}> (0x000000009143e6f0) 
thrown [t:\workspace\open\src\hotspot\share\prims\jni.cpp, line 579]
Event: 0.046 Thread 0x000001bfa5766b20 Exception <a 'sun/nio/fs/WindowsException'{0x000000009143ec18}> (0x000000009143ec18) 
thrown [t:\workspace\open\src\hotspot\share\prims\jni.cpp, line 579]
Event: 0.047 Thread 0x000001bfa5766b20 Exception <a 'sun/nio/fs/WindowsException'{0x0000000091440ef8}> (0x0000000091440ef8) 
thrown [t:\workspace\open\src\hotspot\share\prims\jni.cpp, line 579]
Event: 0.069 Thread 0x000001bfa5766b20 Exception <a 'java/lang/NoSuchMethodError'{0x00000000914fe2b0}: 'void java.lang.invoke.DirectMethodHandle$Holder.invokeSpecial(java.lang.Object, java.lang.Object, java.lang.Object)'> (0x00000000914fe2b0) 
thrown [t:\workspace\open\src\hotspot\share\interpreter\linkResolver.cpp, line 790]
Event: 0.075 Thread 0x000001bfa5766b20 Exception <a 'java/lang/ClassNotFoundException'{0x0000000091315300}: sun/awt/resources/spi/awtProvider> (0x0000000091315300) 
thrown [t:\workspace\open\src\hotspot\share\classfile\systemDictionary.cpp, line 256]
Event: 0.090 Thread 0x000001bfa5766b20 Exception <a 'java/io/FileNotFoundException'{0x00000000913696d0}> (0x00000000913696d0) 
thrown [t:\workspace\open\src\hotspot\share\prims\jni.cpp, line 579]
Event: 0.096 Thread 0x000001bfa5766b20 Exception <a 'java/io/FileNotFoundException'{0x00000000913981f0}> (0x00000000913981f0) 
thrown [t:\workspace\open\src\hotspot\share\prims\jni.cpp, line 579]
Event: 0.096 Thread 0x000001bfa5766b20 Exception <a 'java/lang/NoSuchMethodError'{0x00000000913992e8}: 'java.lang.Object java.lang.invoke.DirectMethodHandle$Holder.invokeStatic(java.lang.Object)'> (0x00000000913992e8) 
thrown [t:\workspace\open\src\hotspot\share\interpreter\linkResolver.cpp, line 790]
Event: 0.124 Thread 0x000001bfa5766b20 Exception <a 'java/lang/NoSuchMethodError'{0x00000000913e88b0}: 'java.lang.Object java.lang.invoke.DirectMethodHandle$Holder.invokeStaticInit(java.lang.Object)'> (0x00000000913e88b0) 
thrown [t:\workspace\open\src\hotspot\share\interpreter\linkResolver.cpp, line 790]
Event: 0.196 Thread 0x000001bfa5766b20 Exception <a 'java/lang/NoSuchMethodError'{0x00000000912d01e8}: 'java.lang.Object java.lang.invoke.DirectMethodHandle$Holder.newInvokeSpecial(java.lang.Object, java.lang.Object, java.lang.Object, java.lang.Object, java.lang.Object)'> (0x00000000912d01e8) 
thrown [t:\workspace\open\src\hotspot\share\interpreter\linkResolver.cpp, line 790]
Event: 0.198 Thread 0x000001bfa5766b20 Exception <a 'java/lang/NoSuchMethodError'{0x00000000912dbcd0}: 'java.lang.Object java.lang.invoke.DirectMethodHandle$Holder.invokeStatic(java.lang.Object, int, java.lang.Object, java.lang.Object, java.lang.Object, java.lang.Object)'> (0x00000000912dbcd0) 
thrown [t:\workspace\open\src\hotspot\share\interpreter\linkResolver.cpp, line 790]
Event: 0.201 Thread 0x000001bfa5766b20 Exception <a 'java/lang/NoSuchMethodError'{0x0000000091102830}: 'java.lang.Object java.lang.invoke.DirectMethodHandle$Holder.invokeStatic(java.lang.Object, int, java.lang.Object)'> (0x0000000091102830) 
thrown [t:\workspace\open\src\hotspot\share\interpreter\linkResolver.cpp, line 790]
Event: 0.218 Thread 0x000001bfa5766b20 Exception <a 'java/lang/ClassNotFoundException'{0x00000000911bace8}: com/sun/swing/internal/plaf/metal/resources/spi/metalProvider> (0x00000000911bace8) 
thrown [t:\workspace\open\src\hotspot\share\classfile\systemDictionary.cpp, line 256]
Event: 0.219 Thread 0x000001bfa5766b20 Exception <a 'java/lang/ClassNotFoundException'{0x00000000911bed50}: com/sun/swing/internal/plaf/basic/resources/spi/basicProvider> (0x00000000911bed50) 
thrown [t:\workspace\open\src\hotspot\share\classfile\systemDictionary.cpp, line 256]

Events (20 events):
Event: 0.229 loading class javax/swing/text/DefaultEditorKit$InsertContentAction done
Event: 0.229 loading class javax/swing/text/DefaultEditorKit$DeletePrevCharAction
Event: 0.229 loading class javax/swing/text/DefaultEditorKit$DeletePrevCharAction done
Event: 0.229 loading class javax/swing/text/DefaultEditorKit$DeleteNextCharAction
Event: 0.229 loading class javax/swing/text/DefaultEditorKit$DeleteNextCharAction done
Event: 0.229 loading class javax/swing/text/DefaultEditorKit$ReadOnlyAction
Event: 0.229 loading class javax/swing/text/DefaultEditorKit$ReadOnlyAction done
Event: 0.229 loading class javax/swing/text/DefaultEditorKit$DeleteWordAction
Event: 0.229 loading class javax/swing/text/DefaultEditorKit$DeleteWordAction done
Event: 0.229 loading class javax/swing/text/DefaultEditorKit$WritableAction
Event: 0.229 loading class javax/swing/text/DefaultEditorKit$WritableAction done
Event: 0.229 loading class javax/swing/text/DefaultEditorKit$CutAction
Event: 0.229 loading class javax/swing/text/DefaultEditorKit$CutAction done
Event: 0.229 loading class javax/swing/text/DefaultEditorKit$CopyAction
Event: 0.229 loading class javax/swing/text/DefaultEditorKit$CopyAction done
Event: 0.229 loading class javax/swing/text/DefaultEditorKit$PasteAction
Event: 0.229 loading class javax/swing/text/DefaultEditorKit$PasteAction done
Event: 0.229 loading class javax/swing/text/DefaultEditorKit$VerticalPageAction
Event: 0.229 loading class javax/swing/text/DefaultEditorKit$VerticalPageAction done
Event: 0.229 loading class javax/swing/text/DefaultEditorKit$PageAction


Dynamic libraries:
0x00007ff79f2f0000 - 0x00007ff79f300000 	C:\Program Files\Java\jdk-16.0.1\bin\java.exe
0x00007ff9ede50000 - 0x00007ff9ee045000 	C:\Windows\SYSTEM32\ntdll.dll
0x00007ff9ecde0000 - 0x00007ff9ece9e000 	C:\Windows\System32\KERNEL32.DLL
0x00007ff9eb6d0000 - 0x00007ff9eb998000 	C:\Windows\System32\KERNELBASE.dll
0x00007ff9eb9a0000 - 0x00007ff9ebaa0000 	C:\Windows\System32\ucrtbase.dll
0x00007ff9d38e0000 - 0x00007ff9d38f9000 	C:\Program Files\Java\jdk-16.0.1\bin\VCRUNTIME140.dll
0x00007ff9c6bc0000 - 0x00007ff9c6bd8000 	C:\Program Files\Java\jdk-16.0.1\bin\jli.dll
0x00007ff9eccd0000 - 0x00007ff9ecd7c000 	C:\Windows\System32\ADVAPI32.dll
0x00007ff9ec920000 - 0x00007ff9ec9be000 	C:\Windows\System32\msvcrt.dll
0x00007ff9eca50000 - 0x00007ff9ecaeb000 	C:\Windows\System32\sechost.dll
0x00007ff9ecea0000 - 0x00007ff9ecfca000 	C:\Windows\System32\RPCRT4.dll
0x00007ff9ecb20000 - 0x00007ff9eccc1000 	C:\Windows\System32\USER32.dll
0x00007ff9eb640000 - 0x00007ff9eb662000 	C:\Windows\System32\win32u.dll
0x00007ff9ecaf0000 - 0x00007ff9ecb1b000 	C:\Windows\System32\GDI32.dll
0x00007ff9d14f0000 - 0x00007ff9d178a000 	C:\Windows\WinSxS\amd64_microsoft.windows.common-controls_6595b64144ccf1df_6.0.19041.1110_none_60b5254171f9507e\COMCTL32.dll
0x00007ff9ebca0000 - 0x00007ff9ebdad000 	C:\Windows\System32\gdi32full.dll
0x00007ff9ebc00000 - 0x00007ff9ebc9d000 	C:\Windows\System32\msvcp_win.dll
0x00007ff9e3f30000 - 0x00007ff9e3f3a000 	C:\Windows\SYSTEM32\VERSION.dll
0x00007ff9ec6b0000 - 0x00007ff9ec6e0000 	C:\Windows\System32\IMM32.DLL
0x00007ff9ddbd0000 - 0x00007ff9ddbdc000 	C:\Program Files\Java\jdk-16.0.1\bin\vcruntime140_1.dll
0x00007ff9ba200000 - 0x00007ff9ba291000 	C:\Program Files\Java\jdk-16.0.1\bin\msvcp140.dll
0x00007ff970a80000 - 0x00007ff97162b000 	C:\Program Files\Java\jdk-16.0.1\bin\server\jvm.dll
0x00007ff9eddd0000 - 0x00007ff9eddd8000 	C:\Windows\System32\PSAPI.DLL
0x00007ff9cc120000 - 0x00007ff9cc129000 	C:\Windows\SYSTEM32\WSOCK32.dll
0x00007ff9e14e0000 - 0x00007ff9e1507000 	C:\Windows\SYSTEM32\WINMM.dll
0x00007ff9ec9c0000 - 0x00007ff9eca2b000 	C:\Windows\System32\WS2_32.dll
0x00007ff9e9db0000 - 0x00007ff9e9dc2000 	C:\Windows\SYSTEM32\kernel.appcore.dll
0x00007ff9dccd0000 - 0x00007ff9dccda000 	C:\Program Files\Java\jdk-16.0.1\bin\jimage.dll
0x00007ff9e93f0000 - 0x00007ff9e95d4000 	C:\Windows\SYSTEM32\DBGHELP.DLL
0x00007ff9de960000 - 0x00007ff9de98c000 	C:\Windows\SYSTEM32\dbgcore.DLL
0x00007ff9eb580000 - 0x00007ff9eb602000 	C:\Windows\System32\bcryptPrimitives.dll
0x00007ff9cbd90000 - 0x00007ff9cbdb5000 	C:\Program Files\Java\jdk-16.0.1\bin\java.dll
0x00007ff9ecfd0000 - 0x00007ff9ed714000 	C:\Windows\System32\SHELL32.dll
0x00007ff9e95e0000 - 0x00007ff9e9d74000 	C:\Windows\SYSTEM32\windows.storage.dll
0x00007ff9ed720000 - 0x00007ff9eda75000 	C:\Windows\System32\combase.dll
0x00007ff9eaf80000 - 0x00007ff9eafae000 	C:\Windows\SYSTEM32\Wldp.dll
0x00007ff9ec2e0000 - 0x00007ff9ec38d000 	C:\Windows\System32\SHCORE.dll
0x00007ff9ecd80000 - 0x00007ff9ecdd5000 	C:\Windows\System32\shlwapi.dll
0x00007ff9eb470000 - 0x00007ff9eb48f000 	C:\Windows\SYSTEM32\profapi.dll
0x00007ff9cbd20000 - 0x00007ff9cbd39000 	C:\Program Files\Java\jdk-16.0.1\bin\net.dll
0x00007ff9dcb40000 - 0x00007ff9dcc4c000 	C:\Windows\SYSTEM32\WINHTTP.dll
0x00007ff9eace0000 - 0x00007ff9ead4a000 	C:\Windows\system32\mswsock.dll
0x00007ff9cba80000 - 0x00007ff9cba93000 	C:\Program Files\Java\jdk-16.0.1\bin\nio.dll
0x00007ff9ca570000 - 0x00007ff9ca588000 	C:\Program Files\Java\jdk-16.0.1\bin\zip.dll
0x00007ff976490000 - 0x00007ff976610000 	C:\Program Files\Java\jdk-16.0.1\bin\awt.dll
0x00007ff9edb10000 - 0x00007ff9edbdd000 	C:\Windows\System32\OLEAUT32.dll
0x00007ff9e88c0000 - 0x00007ff9e8950000 	C:\Windows\SYSTEM32\apphelp.dll
0x00007ff9e8df0000 - 0x00007ff9e8e1f000 	C:\Windows\system32\DWMAPI.DLL
0x00007ff9e8a70000 - 0x00007ff9e8b0e000 	C:\Windows\system32\uxtheme.dll
0x00007ff98ff00000 - 0x00007ff990025000 	C:\Windows\system32\opengl32.dll
0x00007ff9c6c30000 - 0x00007ff9c6c5c000 	C:\Windows\SYSTEM32\GLU32.dll
0x00007ff9ec520000 - 0x00007ff9ec635000 	C:\Windows\System32\MSCTF.dll
0x00007ff9ec390000 - 0x00007ff9ec4ba000 	C:\Windows\System32\ole32.dll
0x00007ff9caf20000 - 0x00007ff9cb0f0000 	C:\Windows\system32\d3d9.dll
0x00007ff9e0990000 - 0x00007ff9e0b6b000 	C:\Windows\System32\DriverStore\FileRepository\u0361612.inf_amd64_b679e02f70413f9f\B361368\aticfx64.dll
0x00007ff9e6230000 - 0x00007ff9e6263000 	C:\Windows\System32\DriverStore\FileRepository\u0361612.inf_amd64_b679e02f70413f9f\B361368\atiu9p64.dll
0x00007ff982d20000 - 0x00007ff9839b6000 	C:\Windows\System32\DriverStore\FileRepository\u0361612.inf_amd64_b679e02f70413f9f\B361368\atiumd64.dll
0x00000000531a0000 - 0x000000005401e000 	C:\Windows\System32\DriverStore\FileRepository\u0361612.inf_amd64_b679e02f70413f9f\B361368\atiumd6a.dll
0x00007ff9eb610000 - 0x00007ff9eb637000 	C:\Windows\System32\bcrypt.dll
0x00007ff9eaaf0000 - 0x00007ff9eab3b000 	C:\Windows\SYSTEM32\POWRPROF.dll
0x00007ff9ea960000 - 0x00007ff9ea972000 	C:\Windows\SYSTEM32\UMPDC.dll
0x00007ff9de910000 - 0x00007ff9de93f000 	C:\Windows\SYSTEM32\amdihk64.dll

dbghelp: loaded successfully - version: 4.0.5 - missing functions: none
symbol engine: initialized successfully - sym options: 0x614 - pdb path: .;C:\Program Files\Java\jdk-16.0.1\bin;C:\Windows\SYSTEM32;C:\Windows\WinSxS\amd64_microsoft.windows.common-controls_6595b64144ccf1df_6.0.19041.1110_none_60b5254171f9507e;C:\Program Files\Java\jdk-16.0.1\bin\server;C:\Windows\System32\DriverStore\FileRepository\u0361612.inf_amd64_b679e02f70413f9f\B361368

VM Arguments:
jvm_args: -Dfile.encoding=UTF-8 --module-path=C:\Users\Manoj\Documents\NetBeansProjects\Gym_first\build\classes 
java_command: Gym_Management.LoginPage
java_class_path (initial): D:\mysql-connector-java-8.0.27\mysql-connector-java-8.0.27\mysql-connector-java-8.0.27.jar;C:\Users\Manoj\Documents\NetBeansProjects\Gym_first\build\classes
Launcher Type: SUN_STANDARD

[Global flags]
     intx CICompilerCount                          = 4                                         {product} {ergonomic}
     uint ConcGCThreads                            = 3                                         {product} {ergonomic}
     uint G1ConcRefinementThreads                  = 10                                        {product} {ergonomic}
   size_t G1HeapRegionSize                         = 1048576                                   {product} {ergonomic}
    uintx GCDrainStackTargetSize                   = 64                                        {product} {ergonomic}
   size_t InitialHeapSize                          = 123731968                                 {product} {ergonomic}
   size_t MarkStackSize                            = 4194304                                   {product} {ergonomic}
   size_t MaxHeapSize                              = 1979711488                                {product} {ergonomic}
   size_t MaxNewSize                               = 1186988032                                {product} {ergonomic}
   size_t MinHeapDeltaBytes                        = 1048576                                   {product} {ergonomic}
   size_t MinHeapSize                              = 8388608                                   {product} {ergonomic}
    uintx NonNMethodCodeHeapSize                   = 5839372                                {pd product} {ergonomic}
    uintx NonProfiledCodeHeapSize                  = 122909434                              {pd product} {ergonomic}
    uintx ProfiledCodeHeapSize                     = 122909434                              {pd product} {ergonomic}
    uintx ReservedCodeCacheSize                    = 251658240                              {pd product} {ergonomic}
     bool SegmentedCodeCache                       = true                                      {product} {ergonomic}
   size_t SoftMaxHeapSize                          = 1979711488                             {manageable} {ergonomic}
     bool UseCompressedClassPointers               = true                           {product lp64_product} {ergonomic}
     bool UseCompressedOops                        = true                           {product lp64_product} {ergonomic}
     bool UseG1GC                                  = true                                      {product} {ergonomic}
     bool UseLargePagesIndividualAllocation        = false                                  {pd product} {ergonomic}

Logging:
Log output configuration:
 #0: stdout all=warning uptime,level,tags
 #1: stderr all=off uptime,level,tags

Environment Variables:
PATH=C:\Program Files\Common Files\Oracle\Java\javapath;C:\Windows\system32;C:\Windows;C:\Windows\System32\Wbem;C:\Windows\System32\WindowsPowerShell\v1.0\;C:\Windows\System32\OpenSSH\;C:\Program Files (x86)\NVIDIA Corporation\PhysX\Common;C:\Program Files\NVIDIA Corporation\NVIDIA NvDLISR;C:\Program Files\dotnet\;C:\Program Files\Microsoft SQL Server\130\Tools\Binn\;C:\Program Files\Microsoft SQL Server\Client SDK\ODBC\170\Tools\Binn\;C:\Program Files\Java\jdk-16.0.1\bin;C:\Program Files\MySQL\MySQL Shell 8.0\bin\;C:\Users\Manoj\AppData\Local\Microsoft\WindowsApps;C:\Users\Manoj\.dotnet\tools;C:\Users\Manoj\AppData\Local\atom\bin;C:\Users\Manoj\AppData\Local\GitHubDesktop\bin;D:\PyCharm Community Edition 2021.3.1\bin;
USERNAME=Manoj
OS=Windows_NT
PROCESSOR_IDENTIFIER=AMD64 Family 23 Model 96 Stepping 1, AuthenticAMD



---------------  S Y S T E M  ---------------

OS:
 Windows 10 , 64 bit Build 19041 (10.0.19041.1348)
OS uptime: 0 days 11:33 hours

CPU: total 12 (initial active 12) (12 cores per cpu, 2 threads per core) family 23 model 96 stepping 1 microcode 0x0, cx8, cmov, fxsr, ht, mmx, 3dnowpref, sse, sse2, sse3, ssse3, sse4a, sse4.1, sse4.2, popcnt, lzcnt, tsc, tscinvbit, avx, avx2, aes, clmul, bmi1, bmi2, adx, sha, fma, vzeroupper, clflush, clflushopt

Memory: 4k page, system-wide physical 7549M (737M free)
TotalPageFile size 31101M (AvailPageFile size 1M)
current process WorkingSet (physical memory assigned to process): 50M, peak: 50M
current process commit charge ("private bytes"): 220M, peak: 220M

vm_info: Java HotSpot(TM) 64-Bit Server VM (16.0.1+9-24) for windows-amd64 JRE (16.0.1+9-24), built on Mar 26 2021 19:31:42 by "mach5one" with MS VC++ 16.7 (VS2019)

END.
