#
# There is insufficient memory for the Java Runtime Environment to continue.
# Native memory allocation (mmap) failed to map 123731968 bytes for G1 virtual space
# Possible reasons:
#   The system is out of physical RAM or swap space
#   The process is running with CompressedOops enabled, and the Java Heap may be blocking the growth of the native heap
# Possible solutions:
#   Reduce memory load on the system
#   Increase physical memory or swap space
#   Check if swap backing store is full
#   Decrease Java heap size (-Xmx/-Xms)
#   Decrease number of Java threads
#   Decrease Java thread stack sizes (-Xss)
#   Set larger code cache with -XX:ReservedCodeCacheSize=
#   JVM is running with Unscaled Compressed Oops mode in which the Java heap is
#     placed in the first 4GB address space. The Java Heap base address is the
#     maximum limit for the native heap growth. Please use -XX:HeapBaseMinAddress
#     to set the Java Heap base and to place the Java Heap above 4GB virtual address.
# This output file may be truncated or incomplete.
#
#  Out of Memory Error (os_windows.cpp:3466), pid=25696, tid=24636
#
# JRE version:  (16.0.1+9) (build )
# Java VM: Java HotSpot(TM) 64-Bit Server VM (16.0.1+9-24, mixed mode, sharing, tiered, compressed oops, compressed class ptrs, g1 gc, windows-amd64)
# No core dump will be written. Minidumps are not enabled by default on client versions of Windows
#

---------------  S U M M A R Y ------------

Command Line: -Dfile.encoding=UTF-8 --module-path=C:\Users\Manoj\Documents\NetBeansProjects\Gym_first\build\classes Gym_Management.LoginPage

Host: AMD Ryzen 5 4600H with Radeon Graphics         , 12 cores, 7G,  Windows 10 , 64 bit Build 19041 (10.0.19041.1348)
Time: Tue Jan 11 20:08:39 2022 India Standard Time elapsed time: 0.008419 seconds (0d 0h 0m 0s)

---------------  T H R E A D  ---------------

Current thread (0x000001d31a4a8310):  JavaThread "Unknown thread" [_thread_in_vm, id=24636, stack(0x000000a761d00000,0x000000a761e00000)]

Stack: [0x000000a761d00000,0x000000a761e00000]
Native frames: (J=compiled Java code, j=interpreted, Vv=VM code, C=native code)
V  [jvm.dll+0x6687ca]
V  [jvm.dll+0x7ca3c9]
V  [jvm.dll+0x7cbb53]
V  [jvm.dll+0x7cc1b3]
V  [jvm.dll+0x242ea5]
V  [jvm.dll+0x665589]
V  [jvm.dll+0x65a175]
V  [jvm.dll+0x2fc5ab]
V  [jvm.dll+0x3037a6]
V  [jvm.dll+0x352fee]
V  [jvm.dll+0x35321f]
V  [jvm.dll+0x2d3618]
V  [jvm.dll+0x2d4854]
V  [jvm.dll+0x79ccb1]
V  [jvm.dll+0x360de1]
V  [jvm.dll+0x77a990]
V  [jvm.dll+0x3e55af]
V  [jvm.dll+0x3e7081]
C  [jli.dll+0x52fb]
C  [ucrtbase.dll+0x21bb2]
C  [KERNEL32.DLL+0x17034]
C  [ntdll.dll+0x52651]


---------------  P R O C E S S  ---------------

Threads class SMR info:
_java_thread_list=0x00007ff97158cbb8, length=0, elements={
}

Java Threads: ( => current thread )

Other Threads:
  0x000001d31a4e6f10 GCTaskThread "GC Thread#0" [stack: 0x000000a761e00000,0x000000a761f00000] [id=17724]
  0x000001d31a4f7c60 ConcurrentGCThread "G1 Main Marker" [stack: 0x000000a761f00000,0x000000a762000000] [id=17540]
  0x000001d31a4f96e0 ConcurrentGCThread "G1 Conc#0" [stack: 0x000000a762000000,0x000000a762100000] [id=1416]

[error occurred during error reporting (printing all threads), id 0xc0000005, EXCEPTION_ACCESS_VIOLATION (0xc0000005) at pc=0x00007ff970d644d7]

VM state: not at safepoint (not fully initialized)

VM Mutex/Monitor currently owned by a thread:  ([mutex/lock_event])
[0x000001d31a4a4570] Heap_lock - owner thread: 0x000001d31a4a8310

Heap address: 0x000000008a000000, size: 1888 MB, Compressed Oops mode: 32-bit

CDS archive(s) mapped at: [0x0000000000000000-0x0000000000000000-0x0000000000000000), size 0, SharedBaseAddress: 0x0000000800000000, ArchiveRelocationMode: 0.
Narrow klass base: 0x0000000000000000, Narrow klass shift: 0, Narrow klass range: 0x0

GC Precious Log:
<Empty>

Heap:
 garbage-first heap   total 0K, used 0K [0x000000008a000000, 0x0000000100000000)
  region size 1024K, 0 young (0K), 0 survivors (0K)

[error occurred during error reporting (printing heap information), id 0xc0000005, EXCEPTION_ACCESS_VIOLATION (0xc0000005) at pc=0x00007ff9711424ed]

GC Heap History (0 events):
No events

Deoptimization events (0 events):
No events

Classes unloaded (0 events):
No events

Classes redefined (0 events):
No events

Internal exceptions (0 events):
No events

Events (1 events):
Event: 0.005 Loaded shared library C:\Program Files\Java\jdk-16.0.1\bin\java.dll


Dynamic libraries:
0x00007ff79f2f0000 - 0x00007ff79f300000 	C:\Program Files\Java\jdk-16.0.1\bin\java.exe
0x00007ff9ede50000 - 0x00007ff9ee045000 	C:\Windows\SYSTEM32\ntdll.dll
0x00007ff9ecde0000 - 0x00007ff9ece9e000 	C:\Windows\System32\KERNEL32.DLL
0x00007ff9eb6d0000 - 0x00007ff9eb998000 	C:\Windows\System32\KERNELBASE.dll
0x00007ff9eb9a0000 - 0x00007ff9ebaa0000 	C:\Windows\System32\ucrtbase.dll
0x00007ff9d38e0000 - 0x00007ff9d38f9000 	C:\Program Files\Java\jdk-16.0.1\bin\VCRUNTIME140.dll
0x00007ff9c6bc0000 - 0x00007ff9c6bd8000 	C:\Program Files\Java\jdk-16.0.1\bin\jli.dll
0x00007ff9eccd0000 - 0x00007ff9ecd7c000 	C:\Windows\System32\ADVAPI32.dll
0x00007ff9ec920000 - 0x00007ff9ec9be000 	C:\Windows\System32\msvcrt.dll
0x00007ff9eca50000 - 0x00007ff9ecaeb000 	C:\Windows\System32\sechost.dll
0x00007ff9ecea0000 - 0x00007ff9ecfca000 	C:\Windows\System32\RPCRT4.dll
0x00007ff9ecb20000 - 0x00007ff9eccc1000 	C:\Windows\System32\USER32.dll
0x00007ff9d14f0000 - 0x00007ff9d178a000 	C:\Windows\WinSxS\amd64_microsoft.windows.common-controls_6595b64144ccf1df_6.0.19041.1110_none_60b5254171f9507e\COMCTL32.dll
0x00007ff9eb640000 - 0x00007ff9eb662000 	C:\Windows\System32\win32u.dll
0x00007ff9ecaf0000 - 0x00007ff9ecb1b000 	C:\Windows\System32\GDI32.dll
0x00007ff9ebca0000 - 0x00007ff9ebdad000 	C:\Windows\System32\gdi32full.dll
0x00007ff9ebc00000 - 0x00007ff9ebc9d000 	C:\Windows\System32\msvcp_win.dll
0x00007ff9e3f30000 - 0x00007ff9e3f3a000 	C:\Windows\SYSTEM32\VERSION.dll
0x00007ff9ec6b0000 - 0x00007ff9ec6e0000 	C:\Windows\System32\IMM32.DLL
0x00007ff9ddbd0000 - 0x00007ff9ddbdc000 	C:\Program Files\Java\jdk-16.0.1\bin\vcruntime140_1.dll
0x00007ff9ba200000 - 0x00007ff9ba291000 	C:\Program Files\Java\jdk-16.0.1\bin\msvcp140.dll
0x00007ff970a80000 - 0x00007ff97162b000 	C:\Program Files\Java\jdk-16.0.1\bin\server\jvm.dll
0x00007ff9eddd0000 - 0x00007ff9eddd8000 	C:\Windows\System32\PSAPI.DLL
0x00007ff9cc120000 - 0x00007ff9cc129000 	C:\Windows\SYSTEM32\WSOCK32.dll
0x00007ff9ec9c0000 - 0x00007ff9eca2b000 	C:\Windows\System32\WS2_32.dll
0x00007ff9e14e0000 - 0x00007ff9e1507000 	C:\Windows\SYSTEM32\WINMM.dll
0x00007ff9e9db0000 - 0x00007ff9e9dc2000 	C:\Windows\SYSTEM32\kernel.appcore.dll
0x00007ff9dccd0000 - 0x00007ff9dccda000 	C:\Program Files\Java\jdk-16.0.1\bin\jimage.dll
0x00007ff9e93f0000 - 0x00007ff9e95d4000 	C:\Windows\SYSTEM32\DBGHELP.DLL
0x00007ff9de960000 - 0x00007ff9de98c000 	C:\Windows\SYSTEM32\dbgcore.DLL
0x00007ff9eb580000 - 0x00007ff9eb602000 	C:\Windows\System32\bcryptPrimitives.dll
0x00007ff9cbd90000 - 0x00007ff9cbdb5000 	C:\Program Files\Java\jdk-16.0.1\bin\java.dll

dbghelp: loaded successfully - version: 4.0.5 - missing functions: none
symbol engine: initialized successfully - sym options: 0x614 - pdb path: .;C:\Program Files\Java\jdk-16.0.1\bin;C:\Windows\SYSTEM32;C:\Windows\WinSxS\amd64_microsoft.windows.common-controls_6595b64144ccf1df_6.0.19041.1110_none_60b5254171f9507e;C:\Program Files\Java\jdk-16.0.1\bin\server

VM Arguments:
jvm_args: -Dfile.encoding=UTF-8 --module-path=C:\Users\Manoj\Documents\NetBeansProjects\Gym_first\build\classes 
java_command: Gym_Management.LoginPage
java_class_path (initial): D:\mysql-connector-java-8.0.27\mysql-connector-java-8.0.27\mysql-connector-java-8.0.27.jar;C:\Users\Manoj\Documents\NetBeansProjects\Gym_first\build\classes
Launcher Type: SUN_STANDARD

[Global flags]
     intx CICompilerCount                          = 4                                         {product} {ergonomic}
     uint ConcGCThreads                            = 3                                         {product} {ergonomic}
     uint G1ConcRefinementThreads                  = 10                                        {product} {ergonomic}
   size_t G1HeapRegionSize                         = 1048576                                   {product} {ergonomic}
    uintx GCDrainStackTargetSize                   = 64                                        {product} {ergonomic}
   size_t InitialHeapSize                          = 123731968                                 {product} {ergonomic}
   size_t MarkStackSize                            = 4194304                                   {product} {ergonomic}
   size_t MaxHeapSize                              = 1979711488                                {product} {ergonomic}
   size_t MinHeapDeltaBytes                        = 1048576                                   {product} {ergonomic}
   size_t MinHeapSize                              = 8388608                                   {product} {ergonomic}
    uintx NonNMethodCodeHeapSize                   = 5839372                                {pd product} {ergonomic}
    uintx NonProfiledCodeHeapSize                  = 122909434                              {pd product} {ergonomic}
    uintx ProfiledCodeHeapSize                     = 122909434                              {pd product} {ergonomic}
    uintx ReservedCodeCacheSize                    = 251658240                              {pd product} {ergonomic}
     bool SegmentedCodeCache                       = true                                      {product} {ergonomic}
   size_t SoftMaxHeapSize                          = 1979711488                             {manageable} {ergonomic}
     bool UseCompressedClassPointers               = true                           {product lp64_product} {ergonomic}
     bool UseCompressedOops                        = true                           {product lp64_product} {ergonomic}
     bool UseG1GC                                  = true                                      {product} {ergonomic}
     bool UseLargePagesIndividualAllocation        = false                                  {pd product} {ergonomic}

Logging:
Log output configuration:
 #0: stdout all=warning uptime,level,tags
 #1: stderr all=off uptime,level,tags

Environment Variables:
PATH=C:\Program Files\Common Files\Oracle\Java\javapath;C:\Windows\system32;C:\Windows;C:\Windows\System32\Wbem;C:\Windows\System32\WindowsPowerShell\v1.0\;C:\Windows\System32\OpenSSH\;C:\Program Files (x86)\NVIDIA Corporation\PhysX\Common;C:\Program Files\NVIDIA Corporation\NVIDIA NvDLISR;C:\Program Files\dotnet\;C:\Program Files\Microsoft SQL Server\130\Tools\Binn\;C:\Program Files\Microsoft SQL Server\Client SDK\ODBC\170\Tools\Binn\;C:\Program Files\Java\jdk-16.0.1\bin;C:\Program Files\MySQL\MySQL Shell 8.0\bin\;C:\Users\Manoj\AppData\Local\Microsoft\WindowsApps;C:\Users\Manoj\.dotnet\tools;C:\Users\Manoj\AppData\Local\atom\bin;C:\Users\Manoj\AppData\Local\GitHubDesktop\bin;D:\PyCharm Community Edition 2021.3.1\bin;
USERNAME=Manoj
OS=Windows_NT
PROCESSOR_IDENTIFIER=AMD64 Family 23 Model 96 Stepping 1, AuthenticAMD



---------------  S Y S T E M  ---------------

OS:
 Windows 10 , 64 bit Build 19041 (10.0.19041.1348)
OS uptime: 0 days 11:15 hours

CPU: total 12 (initial active 12) (12 cores per cpu, 2 threads per core) family 23 model 96 stepping 1 microcode 0x0, cx8, cmov, fxsr, ht, mmx, 3dnowpref, sse, sse2, sse3, ssse3, sse4a, sse4.1, sse4.2, popcnt, lzcnt, tsc, tscinvbit, avx, avx2, aes, clmul, bmi1, bmi2, adx, sha, fma, vzeroupper, clflush, clflushopt

Memory: 4k page, system-wide physical 7549M (810M free)
TotalPageFile size 31101M (AvailPageFile size 72M)
current process WorkingSet (physical memory assigned to process): 10M, peak: 10M
current process commit charge ("private bytes"): 64M, peak: 182M

vm_info: Java HotSpot(TM) 64-Bit Server VM (16.0.1+9-24) for windows-amd64 JRE (16.0.1+9-24), built on Mar 26 2021 19:31:42 by "mach5one" with MS VC++ 16.7 (VS2019)

END.
